{"logTime": "1214/232420", "correlationVector":"blg9s/d5VZigLxnGekhA4X.1","action":"SyncServerConnectionManagerRequest", "result":"SYNC_SERVER_OK", "context":{"environment":"Prod_eastus2_prod-s01-050-nam-eastus2", "migrationStage":"NotStarted", "server":"akswtt108000001"}}
{"logTime": "1214/232420", "correlationVector":"blg9s/d5VZigLxnGekhA4X.2","action":"ProcessGetUpdates", "result":"Done", "context":{"dataType":"Encryption Keys", "deleted":"0", "process_failed_to_decrypt":"0", "process_pending_decryption":"0", "process_success":"1", "total":"1"}}
{"logTime": "1214/232421", "correlationVector":"lH9IEp8U3SWylDaDhGz9Gq","action":"SyncServerConnectionManagerRequest", "result":"SYNC_SERVER_OK", "context":{"environment":"", "migrationStage":"", "server":""}}
{"logTime": "1214/232421", "correlationVector":"lH9IEp8U3SWylDaDhGz9Gq.0","action":"EncryptionKeysFetcher.DownloadKeys:", "result":"Success", "context":Key count: 10, Last key timestamp: 2025-11-13T21:50:04Z}
{"logTime": "1214/232421", "correlationVector":"lH9IEp8U3SWylDaDhGz9Gq.1","action":"EncryptionKeysManager::SetEncryptionKeys:", "result":"Success", "context":Key names[10]:[pJJxcTnZOK04HFWjd5aX8Q7r9/pvqtJhXIQNPxcvwkgKBQP6Y9oXcWDYsgf8upCGDMkkSnHpWk7KeFq4YoCEQw==][4UGyPqXzxXMFX3qEiYaguJcssnW6tmTCwY+NKPNSdmlJP/vSZ5KwRZWQ+kM+3lz0mSDuFGj28GJeBgV0Pr2BQw==][6MsC/JbepM5MMQYIKM5ydFNFkMQQIvtqF1Mq16AfxpE9YL65gMF2nfsX2tIayjfk6xDpqtVyudHnFGOIzQsZIA==][jYJtBLyenhYkBzD5nRidFAvAmnebXl+BWd7zjKlfCDL+8hxWLOMjJQimAsCZoR31prOImrn3AFhq6a5RB0SFvg==][joiGkVti1jKMQTMkC/PrvslaaijeINS26bP2vP1y1eK0ojIjeIdXSXtJoldEDTjxmlNPu75diLPWroZyHViBtQ==][pK1fWoMLSMKHnqP1RBJlth3cQO/+sjJZzO71nDG5JbGFLshvPRa3B3d5zNoBgGX6I+npj/6Xh7rhjv17Y667SA==][3x51xTnBQeJE0iB8KyfoTjlkE4qWhgCM0kvVoLHVwSGHKP6MaMScXXrd5Kr/EtOFAWlEHtQct1ZC2UyhI75tEw==][if30GfIgb63Wx4fpKw6g91QFMo9tmOe8jabxardPwDuGu7VIj70wy2D0wIyVG3pHoCK2N6jsNLIP/XXFveeIjw==][Cx0lAqVQjt7xMltQwvM8hreW9t5vfcBTHzIyWVYoSaHsEfOg0iWX1EmPaA/lBfsfKp8mwUnp+X2IH2tzK8SLog==][noSyDigAqURi99CCWYSYodb1N7/mXTyWR6CwZH7uI8x2wDZtpE8NbIaXLHqXqlHckN5OdB996GD0PkP1zIv8tA==]}
{"logTime": "1214/232421", "correlationVector":"lH9IEp8U3SWylDaDhGz9Gq.2","action":"EncryptionKeysManager::SetEncryptionKeysWithTimestamps:", "result":"Success", "context":Key timestamps[10]:[2022-07-27T02:07:38Z][2022-09-03T15:41:31Z][2023-03-02T16:04:11Z][2023-09-01T01:44:19Z][2024-02-28T17:35:17Z][2024-08-26T22:34:53Z][2024-12-23T18:59:31Z][2025-06-23T01:41:38Z][2025-09-30T17:54:34Z][2025-11-13T21:50:04Z]}
{"logTime": "1214/232421", "correlationVector":"blg9s/d5VZigLxnGekhA4X","action":"Initial GetUpdates", "result":"", "context":Reason: NEW_CLIENT. cV=blg9s/d5VZigLxnGekhA4X}
{"logTime": "1214/232421", "correlationVector":"blg9s/d5VZigLxnGekhA4X.3","action":"GetUpdates Response", "result":"Success", "context":Received 1 update(s). cV=blg9s/d5VZigLxnGekhA4X.0;server=akswtt108000001;cloudType=Consumer;environment=Prod_eastus2_prod-s01-050-nam-eastus2;migrationStage=NotStarted}
{"logTime": "1214/232421", "correlationVector":"kYkzumDA8nI78xHEO6nJ91","action":"Initial GetUpdates", "result":"", "context":Reason: NEWLY_SUPPORTED_DATATYPE. cV=kYkzumDA8nI78xHEO6nJ91}
{"logTime": "1214/232422", "correlationVector":"kYkzumDA8nI78xHEO6nJ91.1","action":"SyncServerConnectionManagerRequest", "result":"SYNC_SERVER_OK", "context":{"environment":"Prod_eastus2_prod-s01-050-nam-eastus2", "migrationStage":"NotStarted", "server":"akswtt10800000x"}}
{"logTime": "1214/232422", "correlationVector":"kYkzumDA8nI78xHEO6nJ91.2","action":"ProcessGetUpdates", "result":"Done", "context":{"dataType":"Preferences", "deleted":"1", "process_failed_to_decrypt":"0", "process_pending_decryption":"0", "process_success":"108", "total":"108"}}
{"logTime": "1214/232422", "correlationVector":"kYkzumDA8nI78xHEO6nJ91.3","action":"ProcessGetUpdates", "result":"Done", "context":{"dataType":"Passwords", "deleted":"0", "process_failed_to_decrypt":"0", "process_pending_decryption":"0", "process_success":"128", "total":"128"}}
{"logTime": "1214/232422", "correlationVector":"kYkzumDA8nI78xHEO6nJ91.4","action":"ProcessGetUpdates", "result":"Done", "context":{"dataType":"Device Info", "deleted":"0", "process_failed_to_decrypt":"0", "process_pending_decryption":"0", "process_success":"13", "total":"13"}}
{"logTime": "1214/232422", "correlationVector":"kYkzumDA8nI78xHEO6nJ91.5","action":"GetUpdates Response", "result":"Success", "context":Received 249 update(s). cV=kYkzumDA8nI78xHEO6nJ91.0;server=akswtt10800000x;cloudType=Consumer;environment=Prod_eastus2_prod-s01-050-nam-eastus2;migrationStage=NotStarted}
{"logTime": "1214/232422", "correlationVector":"50cdFDGZ1YbeeZhjLGNQUr","action":"Initial GetUpdates", "result":"", "context":Reason: NEWLY_SUPPORTED_DATATYPE. cV=50cdFDGZ1YbeeZhjLGNQUr}
{"logTime": "1214/232422", "correlationVector":"50cdFDGZ1YbeeZhjLGNQUr.1","action":"SyncServerConnectionManagerRequest", "result":"SYNC_SERVER_OK", "context":{"environment":"Prod_eastus2_prod-s01-050-nam-eastus2", "migrationStage":"NotStarted", "server":"akswtt10800000h"}}
{"logTime": "1214/232422", "correlationVector":"50cdFDGZ1YbeeZhjLGNQUr.2","action":"ProcessGetUpdates", "result":"Done", "context":{"dataType":"Bookmarks", "deleted":"0", "process_failed_to_decrypt":"0", "process_pending_decryption":"0", "process_success":"50", "total":"50"}}
{"logTime": "1214/232422", "correlationVector":"50cdFDGZ1YbeeZhjLGNQUr.3","action":"GetUpdates Response", "result":"Success", "context":Received 50 update(s). cV=50cdFDGZ1YbeeZhjLGNQUr.0;server=akswtt10800000h;cloudType=Consumer;environment=Prod_eastus2_prod-s01-050-nam-eastus2;migrationStage=NotStarted}
{"logTime": "1214/232422", "correlationVector":"5wh8AY6799aRZYfttUaJHl","action":"Initial GetUpdates", "result":"", "context":Reason: NEWLY_SUPPORTED_DATATYPE. cV=5wh8AY6799aRZYfttUaJHl}
{"logTime": "1214/232422", "correlationVector":"5wh8AY6799aRZYfttUaJHl.1","action":"SyncServerConnectionManagerRequest", "result":"SYNC_SERVER_OK", "context":{"environment":"Prod_eastus2_prod-s01-050-nam-eastus2", "migrationStage":"NotStarted", "server":"akswtt10800000b"}}
{"logTime": "1214/232422", "correlationVector":"5wh8AY6799aRZYfttUaJHl.2","action":"ProcessGetUpdates", "result":"Done", "context":{"dataType":"Autofill Profiles", "deleted":"1", "process_failed_to_decrypt":"0", "process_pending_decryption":"0", "process_success":"11", "total":"11"}}
{"logTime": "1214/232422", "correlationVector":"5wh8AY6799aRZYfttUaJHl.3","action":"ProcessGetUpdates", "result":"Done", "context":{"dataType":"Autofill", "deleted":"0", "process_failed_to_decrypt":"0", "process_pending_decryption":"0", "process_success":"173", "total":"173"}}
{"logTime": "1214/232422", "correlationVector":"5wh8AY6799aRZYfttUaJHl.4","action":"ProcessGetUpdates", "result":"Done", "context":{"dataType":"Extensions", "deleted":"0", "process_failed_to_decrypt":"0", "process_pending_decryption":"0", "process_success":"4", "total":"4"}}
{"logTime": "1214/232422", "correlationVector":"5wh8AY6799aRZYfttUaJHl.5","action":"ProcessGetUpdates", "result":"Done", "context":{"dataType":"Sessions", "deleted":"8", "process_failed_to_decrypt":"0", "process_pending_decryption":"0", "process_success":"10", "total":"10"}}
{"logTime": "1214/232422", "correlationVector":"5wh8AY6799aRZYfttUaJHl.6","action":"ProcessGetUpdates", "result":"Done", "context":{"dataType":"Extension settings", "deleted":"0", "process_failed_to_decrypt":"0", "process_pending_decryption":"0", "process_success":"20", "total":"20"}}
{"logTime": "1214/232422", "correlationVector":"5wh8AY6799aRZYfttUaJHl.7","action":"ProcessGetUpdates", "result":"Done", "context":{"dataType":"Collection", "deleted":"0", "process_failed_to_decrypt":"0", "process_pending_decryption":"0", "process_success":"13", "total":"13"}}
{"logTime": "1214/232422", "correlationVector":"5wh8AY6799aRZYfttUaJHl.8","action":"ProcessGetUpdates", "result":"Done", "context":{"dataType":"Edge Hub App Usage", "deleted":"2", "process_failed_to_decrypt":"0", "process_pending_decryption":"0", "process_success":"5", "total":"5"}}
{"logTime": "1214/232422", "correlationVector":"5wh8AY6799aRZYfttUaJHl.9","action":"GetUpdates Response", "result":"Success", "context":Received 236 update(s). cV=5wh8AY6799aRZYfttUaJHl.0;server=akswtt10800000b;cloudType=Consumer;environment=Prod_eastus2_prod-s01-050-nam-eastus2;migrationStage=NotStarted}
{"logTime": "1214/232422", "correlationVector":"LsygQi3Jc+9IUJeGkvSEe2","action":"Initial GetUpdates", "result":"", "context":Reason: NEWLY_SUPPORTED_DATATYPE. cV=LsygQi3Jc+9IUJeGkvSEe2}
{"logTime": "1214/232422", "correlationVector":"LsygQi3Jc+9IUJeGkvSEe2.1","action":"SyncServerConnectionManagerRequest", "result":"SYNC_SERVER_OK", "context":{"environment":"Prod_eastus2_prod-s01-050-nam-eastus2", "migrationStage":"NotStarted", "server":"akswtt10800000x"}}
{"logTime": "1214/232422", "correlationVector":"LsygQi3Jc+9IUJeGkvSEe2.2","action":"ProcessGetUpdates", "result":"Done", "context":{"dataType":"History", "deleted":"0", "process_failed_to_decrypt":"0", "process_pending_decryption":"0", "process_success":"5", "total":"5"}}
{"logTime": "1214/232422", "correlationVector":"LsygQi3Jc+9IUJeGkvSEe2.3","action":"GetUpdates Response", "result":"Success", "context":Received 5 update(s). cV=LsygQi3Jc+9IUJeGkvSEe2.0;server=akswtt10800000x;cloudType=Consumer;environment=Prod_eastus2_prod-s01-050-nam-eastus2;migrationStage=NotStarted}
{"logTime": "1214/232422", "correlationVector":"x90Kap4+nHXSrz7bquGzQf","action":"Normal GetUpdate request", "result":"", "context":cV=x90Kap4+nHXSrz7bquGzQf
Nudged types: Sessions, Device Info, User Consents
Refresh requested types: Bookmarks, Preferences, Passwords, Autofill Profiles, Autofill, Extensions, Sessions, Extension settings, History Delete Directives, Device Info, User Consents, Send Tab To Self, Web Apps, History, Saved Tab Group, WebAuthn Credentials, Collection, Edge E Drop, Edge Hub App Usage, Edge Wallet, Encryption Keys}
{"logTime": "1214/232423", "correlationVector":"x90Kap4+nHXSrz7bquGzQf.1","action":"SyncServerConnectionManagerRequest", "result":"SYNC_SERVER_OK", "context":{"environment":"Prod_eastus2_prod-s01-050-nam-eastus2", "migrationStage":"NotStarted", "server":"akswtt10800000z"}}
{"logTime": "1214/232423", "correlationVector":"x90Kap4+nHXSrz7bquGzQf.2","action":"GetUpdates Response", "result":"Success", "context":Received 0 update(s). cV=x90Kap4+nHXSrz7bquGzQf.0;server=akswtt10800000z;cloudType=Consumer;environment=Prod_eastus2_prod-s01-050-nam-eastus2;migrationStage=NotStarted}
{"logTime": "1214/232423", "correlationVector":"JZO5ruX1Mj1+bUyknZEFYM","action":"DoCompareDataConsistency requsted types: ", "result":"Bookmarks, Preferences, Passwords, Extensions, Extension settings, History Delete Directives, Send Tab To Self, Web Apps, History, Saved Tab Group, WebAuthn Credentials, Collection, Edge E Drop, Edge Wallet, Encryption Keys"}
{"logTime": "1214/232423", "correlationVector":"JZO5ruX1Mj1+bUyknZEFYM.0","action":"CompareDataConsistency result: ", "result":"Compare result: Encryption Keys is consistent. local entities count is: 1 local entities hash is: Mr1Pc5bLmvw5lis8ZFcHjYPGsXA="}
{"logTime": "1214/232423", "correlationVector":"JZO5ruX1Mj1+bUyknZEFYM.1","action":"CompareDataConsistency result: ", "result":"Compare result: Bookmarks is consistent. local entities count is: 44 local entities hash is: +2P2mhibRjHmxLg3WiGTdfKSUFM="}
{"logTime": "1214/232423", "correlationVector":"JZO5ruX1Mj1+bUyknZEFYM.2","action":"CompareDataConsistency result: ", "result":"Compare result: Preferences is consistent. local entities count is: 107 local entities hash is: yKozZmduRSFapksQghE5HCPQ7OI="}
{"logTime": "1214/232423", "correlationVector":"JZO5ruX1Mj1+bUyknZEFYM.3","action":"CompareDataConsistency result: ", "result":"Compare result: Extensions is consistent. local entities count is: 4 local entities hash is: Yvu08n0z9qL1hQEGbc32YZpn62A="}
{"logTime": "1214/232423", "correlationVector":"JZO5ruX1Mj1+bUyknZEFYM.4","action":"CompareDataConsistency result: ", "result":"Compare result: Extension settings is consistent. local entities count is: 20 local entities hash is: nmtRG6Vs39Pwen98m5qxOFB2BCM="}
{"logTime": "1214/232423", "correlationVector":"JZO5ruX1Mj1+bUyknZEFYM.5","action":"CompareDataConsistency result: ", "result":"Compare result: History Delete Directives is consistent. local entities count is: 0 local entities hash is: "}
{"logTime": "1214/232423", "correlationVector":"JZO5ruX1Mj1+bUyknZEFYM.6","action":"CompareDataConsistency result: ", "result":"Server did not send this Send Tab To Self local entities count is: 0 local entities hash is: "}
{"logTime": "1214/232423", "correlationVector":"JZO5ruX1Mj1+bUyknZEFYM.7","action":"CompareDataConsistency result: ", "result":"Compare result: Web Apps is consistent. local entities count is: 0 local entities hash is: "}
{"logTime": "1214/232423", "correlationVector":"JZO5ruX1Mj1+bUyknZEFYM.8","action":"CompareDataConsistency result: ", "result":"Server did not send this History local entities count is: 0 local entities hash is: "}
{"logTime": "1214/232423", "correlationVector":"JZO5ruX1Mj1+bUyknZEFYM.9","action":"CompareDataConsistency result: ", "result":"Compare result: Saved Tab Group is consistent. local entities count is: 0 local entities hash is: "}
{"logTime": "1214/232423", "correlationVector":"JZO5ruX1Mj1+bUyknZEFYM.10","action":"CompareDataConsistency result: ", "result":"Server did not send this WebAuthn Credentials local entities count is: 0 local entities hash is: "}
{"logTime": "1214/232423", "correlationVector":"JZO5ruX1Mj1+bUyknZEFYM.11","action":"CompareDataConsistency result: ", "result":"Compare result: Collection is consistent. local entities count is: 13 local entities hash is: X6jt8Z3h2V41wj7/atgK19JBXog="}
{"logTime": "1214/232423", "correlationVector":"JZO5ruX1Mj1+bUyknZEFYM.12","action":"CompareDataConsistency result: ", "result":"Compare result: Edge E Drop is consistent. local entities count is: 0 local entities hash is: "}
{"logTime": "1214/232423", "correlationVector":"JZO5ruX1Mj1+bUyknZEFYM.13","action":"CompareDataConsistency result: ", "result":"Compare result: Edge Wallet is consistent. local entities count is: 0 local entities hash is: "}
{"logTime": "1214/232423", "correlationVector":"JZO5ruX1Mj1+bUyknZEFYM.14","action":"CompareDataConsistency result: ", "result":"Compare result: Passwords is consistent. local entities count is: 128 local entities hash is: m9LYHHzaDK10jcrCpEwENwHMeww="}
{"logTime": "1214/232423", "correlationVector":"RjAIyIUIN2O0L1nd3mS0pV","action":"Commit Request", "result":"", "context":Item count: 5
Contributing types: Sessions, Device Info, User Consents}
{"logTime": "1214/232423", "correlationVector":"RjAIyIUIN2O0L1nd3mS0pV.1","action":"SyncServerConnectionManagerRequest", "result":"SYNC_SERVER_OK", "context":{"environment":"Prod_eastus2_prod-s01-050-nam-eastus2", "migrationStage":"NotStarted", "server":"akswtt10800000m"}}
{"logTime": "1214/232423", "correlationVector":"RjAIyIUIN2O0L1nd3mS0pV.2","action":"Commit Response", "result":"Success", "context":Result: Success. cV=RjAIyIUIN2O0L1nd3mS0pV.0;server=akswtt10800000m;cloudType=Consumer;environment=Prod_eastus2_prod-s01-050-nam-eastus2;migrationStage=NotStarted}
{"logTime": "1214/232423", "correlationVector":"","action":"DIAGNOSTIC_REQUEST|v1/diagnosticData/Diagnostic.SendCheckResult()|SUCCESS", "result":""}
{"logTime": "1214/232423", "correlationVector":"2OjYiG3D9W5RfENgqAc827","action":"Normal GetUpdate request", "result":"", "context":cV=2OjYiG3D9W5RfENgqAc827
Nudged types: Sessions, Device Info}
{"logTime": "1214/232424", "correlationVector":"2OjYiG3D9W5RfENgqAc827.1","action":"SyncServerConnectionManagerRequest", "result":"SYNC_SERVER_OK", "context":{"environment":"Prod_eastus2_prod-s01-050-nam-eastus2", "migrationStage":"NotStarted", "server":"akswtt10800000l"}}
{"logTime": "1214/232424", "correlationVector":"2OjYiG3D9W5RfENgqAc827.2","action":"ProcessGetUpdates", "result":"Done", "context":{"dataType":"Sessions", "deleted":"0", "process_failed_to_decrypt":"0", "process_pending_decryption":"0", "process_success":"2", "total":"2"}}
{"logTime": "1214/232424", "correlationVector":"2OjYiG3D9W5RfENgqAc827.3","action":"ProcessGetUpdates", "result":"Done", "context":{"dataType":"Device Info", "deleted":"0", "process_failed_to_decrypt":"0", "process_pending_decryption":"0", "process_success":"1", "total":"1"}}
{"logTime": "1214/232424", "correlationVector":"2OjYiG3D9W5RfENgqAc827.4","action":"GetUpdates Response", "result":"Success", "context":Received 3 update(s). cV=2OjYiG3D9W5RfENgqAc827.0;server=akswtt10800000l;cloudType=Consumer;environment=Prod_eastus2_prod-s01-050-nam-eastus2;migrationStage=NotStarted}
